#
# A fatal error has been detected by the Java Runtime Environment:
#
#  EXCEPTION_ACCESS_VIOLATION (0xc0000005) at pc=0x6d949781, pid=7568, tid=7488
#
# JRE version: 7.0_11-b21
# Java VM: Java HotSpot(TM) Client VM (23.6-b04 mixed mode, sharing windows-x86 )
# Problematic frame:
# C  0x6d949781
#
# Failed to write core dump. Minidumps are not enabled by default on client versions of Windows
#
# If you would like to submit a bug report, please visit:
#   http://bugreport.sun.com/bugreport/crash.jsp
# The crash happened outside the Java Virtual Machine in native code.
# See problematic frame for where to report the bug.
#

---------------  T H R E A D  ---------------

Current thread (0x04bb5400):  JavaThread "Game Loop" [_thread_in_native, id=7488, stack(0x087c0000,0x08810000)]

siginfo: ExceptionCode=0xc0000005, ExceptionInformation=0x00000008 0x6d949781

Registers:
EAX=0x00000000, EBX=0x053207e0, ECX=0x0000907e, EDX=0x0000000a
ESP=0x0880f120, EBP=0x0880f128, ESI=0x00000000, EDI=0x053207e4
EIP=0x6d949781, EFLAGS=0x00010206

Top of Stack: (sp=0x0880f120)
0x0880f120:   05320820 00000000 0880f140 6d9609d1
0x0880f130:   05320820 04b50e50 00000000 00000002
0x0880f140:   00010001 52404c50 053207e0 00000000
0x0880f150:   04b50e50 04bb5528 04bb5400 0880f1bc
0x0880f160:   52405170 00010001 04c33090 524093c7
0x0880f170:   00000001 34365530 34365530 024ea717
0x0880f180:   04bb5528 0880f1d8 00000001 0000037e
0x0880f190:   000001ca 024e32c7 2987cc38 0880f19c 

Instructions: (pc=0x6d949781)
0x6d949761:   
[error occurred during error reporting (printing registers, top of stack, instructions near pc), id 0xc0000005]

Register to memory mapping:

EAX=0x00000000 is an unknown value
EBX=0x053207e0 is an unknown value
ECX=0x0000907e is an unknown value
EDX=0x0000000a is an unknown value
ESP=0x0880f120 is pointing into the stack for thread: 0x04bb5400
EBP=0x0880f128 is pointing into the stack for thread: 0x04bb5400
ESI=0x00000000 is an unknown value
EDI=0x053207e4 is an unknown value


Stack: [0x087c0000,0x08810000],  sp=0x0880f120,  free space=316k
Native frames: (J=compiled Java code, j=interpreted, Vv=VM code, C=native code)
C  0x6d949781
C  0x6d9609d1

Java frames: (J=compiled Java code, j=interpreted, Vv=VM code)
j  sun.java2d.d3d.D3DSurfaceData.initOps(III)V+0
j  sun.java2d.d3d.D3DSurfaceData.<init>(Lsun/awt/windows/WComponentPeer;Lsun/java2d/d3d/D3DGraphicsConfig;IILjava/awt/Image;Ljava/awt/image/ColorModel;IILsun/java2d/pipe/hw/ExtendedBufferCapabilities$VSyncType;I)V+76
j  sun.java2d.d3d.D3DSurfaceData.createData(Lsun/awt/windows/WComponentPeer;Ljava/awt/Image;)Lsun/java2d/d3d/D3DSurfaceData;+117
j  sun.java2d.d3d.D3DVolatileSurfaceManager.initAcceleratedSurface()Lsun/java2d/SurfaceData;+59
j  sun.java2d.d3d.D3DVolatileSurfaceManager.restoreAcceleratedSurface()V+62
j  sun.awt.image.VolatileSurfaceManager.validate(Ljava/awt/GraphicsConfiguration;)I+94
j  sun.awt.image.SunVolatileImage.validate(Ljava/awt/GraphicsConfiguration;)I+5
j  java.awt.Component$FlipBufferStrategy.revalidate(Z)V+82
j  java.awt.Component$FlipBufferStrategy.revalidate()V+2
j  java.awt.Component$FlipBufferStrategy.getDrawGraphics()Ljava/awt/Graphics;+1
J  com.kissr.jacob.Game.Game.render()V
J  com.kissr.jacob.Game.Game.run()V
j  java.lang.Thread.run()V+11
v  ~StubRoutines::call_stub

---------------  P R O C E S S  ---------------

Java Threads: ( => current thread )
  0x007fb400 JavaThread "DestroyJavaVM" [_thread_blocked, id=7932, stack(0x00790000,0x007e0000)]
=>0x04bb5400 JavaThread "Game Loop" [_thread_in_native, id=7488, stack(0x087c0000,0x08810000)]
  0x04ba5800 JavaThread "AWT-EventQueue-0" [_thread_blocked, id=5476, stack(0x08650000,0x086a0000)]
  0x04b57c00 JavaThread "AWT-Shutdown" [_thread_blocked, id=6608, stack(0x05030000,0x05080000)]
  0x04b55400 JavaThread "Java2D Disposer" daemon [_thread_blocked, id=5824, stack(0x04fa0000,0x04ff0000)]
  0x024bec00 JavaThread "Service Thread" daemon [_thread_blocked, id=6940, stack(0x04aa0000,0x04af0000)]
  0x024ae000 JavaThread "C1 CompilerThread0" daemon [_thread_blocked, id=6496, stack(0x04940000,0x04990000)]
  0x024acc00 JavaThread "Attach Listener" daemon [_thread_blocked, id=120, stack(0x048a0000,0x048f0000)]
  0x024a9800 JavaThread "Signal Dispatcher" daemon [_thread_blocked, id=1440, stack(0x046a0000,0x046f0000)]
  0x02494000 JavaThread "Finalizer" daemon [_thread_blocked, id=4712, stack(0x04780000,0x047d0000)]
  0x02492800 JavaThread "Reference Handler" daemon [_thread_blocked, id=5932, stack(0x04600000,0x04650000)]

Other Threads:
  0x02491400 VMThread [stack: 0x044e0000,0x04530000] [id=4064]
  0x024bfc00 WatcherThread [stack: 0x04990000,0x049e0000] [id=6072]

VM state:not at safepoint (normal execution)

VM Mutex/Monitor currently owned by a thread: None

Heap
 def new generation   total 4928K, used 924K [0x242f0000, 0x24840000, 0x29840000)
  eden space 4416K,   9% used [0x242f0000, 0x243573b0, 0x24740000)
  from space 512K, 100% used [0x247c0000, 0x24840000, 0x24840000)
  to   space 512K,   0% used [0x24740000, 0x24740000, 0x247c0000)
 tenured generation   total 10944K, used 585K [0x29840000, 0x2a2f0000, 0x342f0000)
   the space 10944K,   5% used [0x29840000, 0x298d2458, 0x298d2600, 0x2a2f0000)
 compacting perm gen  total 12288K, used 1344K [0x342f0000, 0x34ef0000, 0x382f0000)
   the space 12288K,  10% used [0x342f0000, 0x34440378, 0x34440400, 0x34ef0000)
    ro space 10240K,  42% used [0x382f0000, 0x38730ce0, 0x38730e00, 0x38cf0000)
    rw space 12288K,  54% used [0x38cf0000, 0x39370e30, 0x39371000, 0x398f0000)

Card table byte_map: [0x00ee0000,0x00f90000] byte_map_base: 0x00dbe880

Polling page: 0x00130000

Code Cache  [0x024e0000, 0x025b0000, 0x044e0000)
 total_blobs=366 nmethods=143 adapters=158 free_code_cache=31941Kb largest_free_block=32708352

Compilation events (10 events):
Event: 9.972 Thread 0x024ae000  136             java.awt.geom.RectangularShape::<init> (5 bytes)
Event: 9.972 Thread 0x024ae000 nmethod 136 0x025ac288 code [0x025ac380, 0x025ac400]
Event: 10.605 Thread 0x024ae000  137             java.awt.image.Raster::getHeight (5 bytes)
Event: 10.605 Thread 0x024ae000 nmethod 137 0x025ac448 code [0x025ac540, 0x025ac5c0]
Event: 10.773 Thread 0x024ae000  138             sun.awt.AWTAutoShutdown::notifyToolkitThreadBusy (8 bytes)
Event: 10.773 Thread 0x024ae000 nmethod 138 0x025ac608 code [0x025ac700, 0x025ac78c]
Event: 10.773 Thread 0x024ae000  139             sun.awt.AWTAutoShutdown::notifyToolkitThreadFree (8 bytes)
Event: 10.774 Thread 0x024ae000 nmethod 139 0x025ac808 code [0x025ac900, 0x025ac98c]
Event: 11.539 Thread 0x024ae000  140             java.awt.geom.AffineTransform::transform (662 bytes)
Event: 11.541 Thread 0x024ae000 nmethod 140 0x025aca08 code [0x025acbc0, 0x025ad4f4]

GC Heap History (2 events):
Event: 10.739 GC heap before
{Heap before GC invocations=0 (full 0):
 def new generation   total 4928K, used 4416K [0x242f0000, 0x24840000, 0x29840000)
  eden space 4416K, 100% used [0x242f0000, 0x24740000, 0x24740000)
  from space 512K,   0% used [0x24740000, 0x24740000, 0x247c0000)
  to   space 512K,   0% used [0x247c0000, 0x247c0000, 0x24840000)
 tenured generation   total 10944K, used 0K [0x29840000, 0x2a2f0000, 0x342f0000)
   the space 10944K,   0% used [0x29840000, 0x29840000, 0x29840200, 0x2a2f0000)
 compacting perm gen  total 12288K, used 1338K [0x342f0000, 0x34ef0000, 0x382f0000)
   the space 12288K,  10% used [0x342f0000, 0x3443e9c8, 0x3443ea00, 0x34ef0000)
    ro space 10240K,  42% used [0x382f0000, 0x38730ce0, 0x38730e00, 0x38cf0000)
    rw space 12288K,  54% used [0x38cf0000, 0x39370e30, 0x39371000, 0x398f0000)
Event: 10.749 GC heap after
Heap after GC invocations=1 (full 0):
 def new generation   total 4928K, used 512K [0x242f0000, 0x24840000, 0x29840000)
  eden space 4416K,   0% used [0x242f0000, 0x242f0000, 0x24740000)
  from space 512K, 100% used [0x247c0000, 0x24840000, 0x24840000)
  to   space 512K,   0% used [0x24740000, 0x24740000, 0x247c0000)
 tenured generation   total 10944K, used 585K [0x29840000, 0x2a2f0000, 0x342f0000)
   the space 10944K,   5% used [0x29840000, 0x298d2458, 0x298d2600, 0x2a2f0000)
 compacting perm gen  total 12288K, used 1338K [0x342f0000, 0x34ef0000, 0x382f0000)
   the space 12288K,  10% used [0x342f0000, 0x3443e9c8, 0x3443ea00, 0x34ef0000)
    ro space 10240K,  42% used [0x382f0000, 0x38730ce0, 0x38730e00, 0x38cf0000)
    rw space 12288K,  54% used [0x38cf0000, 0x39370e30, 0x39371000, 0x398f0000)
}

Deoptimization events (0 events):
No events

Internal exceptions (10 events):
Event: 0.120 Thread 0x007fb400 Threw 0x243360a8 at C:\jdk7u1_32P\jdk7u11\hotspot\src\share\vm\prims\jvm.cpp:1166
Event: 0.157 Thread 0x007fb400 Threw 0x24339888 at C:\jdk7u1_32P\jdk7u11\hotspot\src\share\vm\prims\jni.cpp:716
Event: 0.172 Thread 0x007fb400 Threw 0x24342c70 at C:\jdk7u1_32P\jdk7u11\hotspot\src\share\vm\prims\jvm.cpp:1166
Event: 0.186 Thread 0x007fb400 Threw 0x2434bd30 at C:\jdk7u1_32P\jdk7u11\hotspot\src\share\vm\prims\jni.cpp:716
Event: 0.808 Thread 0x007fb400 Threw 0x24462348 at C:\jdk7u1_32P\jdk7u11\hotspot\src\share\vm\prims\jvm.cpp:1166
Event: 0.808 Thread 0x007fb400 Threw 0x24462460 at C:\jdk7u1_32P\jdk7u11\hotspot\src\share\vm\prims\jvm.cpp:1166
Event: 0.809 Thread 0x007fb400 Threw 0x24464f08 at C:\jdk7u1_32P\jdk7u11\hotspot\src\share\vm\prims\jvm.cpp:1166
Event: 0.809 Thread 0x007fb400 Threw 0x24465020 at C:\jdk7u1_32P\jdk7u11\hotspot\src\share\vm\prims\jvm.cpp:1166
Event: 0.907 Thread 0x04bb5400 Threw 0x24491488 at C:\jdk7u1_32P\jdk7u11\hotspot\src\share\vm\prims\jvm.cpp:1166
Event: 0.909 Thread 0x04bb5400 Threw 0x244931b8 at C:\jdk7u1_32P\jdk7u11\hotspot\src\share\vm\prims\jvm.cpp:1166

Events (10 events):
Event: 11.510 loading class 0x399603a0
Event: 11.510 loading class 0x39960348
Event: 11.511 loading class 0x39960348 done
Event: 11.511 loading class 0x399603a0 done
Event: 11.511 Thread 0x04b9dc00 Thread exited: 0x04b9dc00
Event: 11.511 Thread 0x04bb6000 Thread exited: 0x04bb6000
Event: 11.512 loading class 0x39a8cdf8
Event: 11.512 loading class 0x39a8cdf8 done
Event: 11.519 Thread 0x04b9d000 Thread exited: 0x04b9d000
Event: 11.554 Thread 0x04b58400 Thread exited: 0x04b58400


Dynamic libraries:
0x00fb0000 - 0x00fdf000 	C:\Users\Samuel\Documents\eclipse\jre\bin\javaw.exe
0x775b0000 - 0x77730000 	C:\Windows\SysWOW64\ntdll.dll
0x752f0000 - 0x75400000 	C:\Windows\syswow64\kernel32.dll
0x75030000 - 0x75077000 	C:\Windows\syswow64\KERNELBASE.dll
0x75410000 - 0x754b0000 	C:\Windows\syswow64\ADVAPI32.dll
0x763d0000 - 0x7647c000 	C:\Windows\syswow64\msvcrt.dll
0x75630000 - 0x75649000 	C:\Windows\SysWOW64\sechost.dll
0x75090000 - 0x75180000 	C:\Windows\syswow64\RPCRT4.dll
0x74fc0000 - 0x75020000 	C:\Windows\syswow64\SspiCli.dll
0x74fb0000 - 0x74fbc000 	C:\Windows\syswow64\CRYPTBASE.dll
0x75530000 - 0x75630000 	C:\Windows\syswow64\USER32.dll
0x75c00000 - 0x75c90000 	C:\Windows\syswow64\GDI32.dll
0x75ed0000 - 0x75eda000 	C:\Windows\syswow64\LPK.dll
0x75650000 - 0x756ed000 	C:\Windows\syswow64\USP10.dll
0x74a80000 - 0x74c1e000 	C:\Windows\WinSxS\x86_microsoft.windows.common-controls_6595b64144ccf1df_6.0.7601.17514_none_41e6975e2bd6f2b2\COMCTL32.dll
0x754b0000 - 0x75507000 	C:\Windows\syswow64\SHLWAPI.dll
0x75ba0000 - 0x75c00000 	C:\Windows\system32\IMM32.DLL
0x75220000 - 0x752ec000 	C:\Windows\syswow64\MSCTF.dll
0x59c90000 - 0x59d4e000 	C:\Users\Samuel\Documents\eclipse\jre\bin\msvcr100.dll
0x5c0d0000 - 0x5c41c000 	C:\Users\Samuel\Documents\eclipse\jre\bin\client\jvm.dll
0x74eb0000 - 0x74eb7000 	C:\Windows\system32\WSOCK32.dll
0x75f70000 - 0x75fa5000 	C:\Windows\syswow64\WS2_32.dll
0x75080000 - 0x75086000 	C:\Windows\syswow64\NSI.dll
0x74ce0000 - 0x74d12000 	C:\Windows\system32\WINMM.dll
0x76480000 - 0x76485000 	C:\Windows\syswow64\PSAPI.DLL
0x6cb90000 - 0x6cb9c000 	C:\Users\Samuel\Documents\eclipse\jre\bin\verify.dll
0x6cb70000 - 0x6cb90000 	C:\Users\Samuel\Documents\eclipse\jre\bin\java.dll
0x6c080000 - 0x6c093000 	C:\Users\Samuel\Documents\eclipse\jre\bin\zip.dll
0x52360000 - 0x524a2000 	C:\Users\Samuel\Documents\eclipse\jre\bin\awt.dll
0x76490000 - 0x7651f000 	C:\Windows\syswow64\OLEAUT32.dll
0x75a40000 - 0x75b9c000 	C:\Windows\syswow64\ole32.dll
0x70530000 - 0x70543000 	C:\Windows\system32\DWMAPI.DLL
0x705b0000 - 0x70630000 	C:\Windows\system32\uxtheme.dll
0x74ee0000 - 0x74ee9000 	C:\Windows\system32\VERSION.dll
0x73de0000 - 0x73deb000 	C:\Windows\system32\atiu9pag.dll
0x76560000 - 0x771aa000 	C:\Windows\syswow64\SHELL32.dll
0x5d830000 - 0x5d85a000 	C:\Users\Samuel\Documents\eclipse\jre\bin\fontmanager.dll
0x70890000 - 0x708a6000 	C:\Windows\system32\CRYPTSP.dll
0x70850000 - 0x7088b000 	C:\Windows\system32\rsaenh.dll
0x75510000 - 0x75527000 	C:\Windows\syswow64\USERENV.dll
0x763c0000 - 0x763cb000 	C:\Windows\syswow64\profapi.dll
0x6c0a0000 - 0x6c0b4000 	C:\Users\Samuel\Documents\eclipse\jre\bin\net.dll
0x702d0000 - 0x7030c000 	C:\Windows\system32\mswsock.dll
0x744d0000 - 0x744d6000 	C:\Windows\System32\wship6.dll
0x73e60000 - 0x73e70000 	C:\Windows\system32\NLAapi.dll
0x73e50000 - 0x73e60000 	C:\Windows\system32\napinsp.dll
0x73e30000 - 0x73e42000 	C:\Windows\system32\pnrpnsp.dll
0x741a0000 - 0x741e4000 	C:\Windows\system32\DNSAPI.dll
0x73e20000 - 0x73e28000 	C:\Windows\System32\winrnr.dll
0x74170000 - 0x74197000 	C:\Program Files (x86)\Common Files\Microsoft Shared\Windows Live\WLIDNSP.DLL
0x702c0000 - 0x702c5000 	C:\Windows\System32\wshtcpip.dll
0x73020000 - 0x7303c000 	C:\Windows\system32\IPHLPAPI.DLL
0x73010000 - 0x73017000 	C:\Windows\system32\WINNSI.DLL
0x74160000 - 0x74166000 	C:\Windows\system32\rasadhlp.dll
0x74120000 - 0x74158000 	C:\Windows\System32\fwpuclnt.dll
0x6cba0000 - 0x6cbaf000 	C:\Users\Samuel\Documents\eclipse\jre\bin\nio.dll
0x5bd40000 - 0x5bdce000 	C:\Users\Samuel\Documents\eclipse\jre\bin\mlib_image.dll
0x73f20000 - 0x7400b000 	C:\Windows\system32\dbghelp.dll

VM Arguments:
jvm_args: -Dfile.encoding=Cp1252 
java_command: com.kissr.jacob.Game.Main
Launcher Type: SUN_STANDARD

Environment Variables:
JAVA_HOME=C:\Program Files\Java\jdk1.7.0_13
PATH=C:/Users/Samuel/Documents/eclipse/jre/bin/client;C:/Users/Samuel/Documents/eclipse/jre/bin;C:/Users/Samuel/Documents/eclipse/jre/lib/i386;C:\Program Files (x86)\NVIDIA Corporation\PhysX\Common;C:\Program Files (x86)\Java\jre7\bin;C:\Program Files (x86)\AMD APP\bin\x86_64;C:\Program Files (x86)\AMD APP\bin\x86;C:\Program Files\Common Files\Microsoft Shared\Windows Live;C:\Program Files (x86)\Common Files\Microsoft Shared\Windows Live;C:\Windows\system32;C:\Windows;C:\Windows\System32\Wbem;C:\Windows\System32\WindowsPowerShell\v1.0\;C:\Program Files (x86)\Windows Live\Shared;C:\Program Files (x86)\ATI Technologies\ATI.ACE\Core-Static;C:\Program Files (x86)\Java\jre7\bin;C:\Program Files\Java\jdk1.7.0_13\bin;C:\Program Files\TortoiseSVN\bin;C:\Users\Samuel\Documents\ADT\sdk\tools;C:\Users\Samuel\Documents\ADT\sdk\platform-tools;C:\Program Files (x86)\RSUPPORT\MobizenService;C:\Program Files (x86)\Java\jre7\bin;C:\Program Files (x86)\AMD APP\bin\x86_64;C:\Program Files (x86)\AMD APP\bin\x86;C:\Program Files\Common Files\Microsoft Shared\Windows Live;C:\Program Files (x86)\Common Files\Microsoft Shared\Windows Live;C:\Windows\system32;C:\Windows;C:\Windows\System32\Wbem;C:\Windows\System32\WindowsPowerShell\v1.0\;C:\Program Files (x86)\Windows Live\Shared;C:\Program Files (x86)\ATI Technologies\ATI.ACE\Core-Static;C:\Pylo\MCreator\;C:\Pylo\MCreator\jdk\bin\;C:\Pylo\MCreator\jdk\jre\bin\;;C:\Pylo\MCreator\;C:\Pylo\MCreator\jdk\bin\;C:\Pylo\MCreator\jdk\jre\bin\;C:\Program Files (x86)\ftldat;C:\Users\Samuel\Documents\eclipse;
USERNAME=Samuel
OS=Windows_NT
PROCESSOR_IDENTIFIER=AMD64 Family 18 Model 1 Stepping 0, AuthenticAMD



---------------  S Y S T E M  ---------------

OS: Windows 7 , 64 bit Build 7601 Service Pack 1

CPU:total 4 (4 cores per cpu, 1 threads per core) family 18 model 1 stepping 0, cmov, cx8, fxsr, mmx, sse, sse2, sse3, popcnt, mmxext, 3dnowpref, lzcnt, sse4a, tsc, tscinvbit, tscinv

Memory: 4k page, physical 5740656k(2123368k free), swap 11479448k(6557288k free)

vm_info: Java HotSpot(TM) Client VM (23.6-b04) for windows-x86 JRE (1.7.0_11-b21), built on Jan 12 2013 02:19:22 by "java_re" with unknown MS VC++:1600

time: Wed Jul 16 14:09:35 2014
elapsed time: 11 seconds

